c:\users\labadmin\source\repos\complayground\complayground\x64\debug\vc143.pdb
c:\users\labadmin\source\repos\complayground\complayground\x64\debug\vc143.idb
c:\users\labadmin\source\repos\complayground\complayground\x64\debug\dllmain.obj
c:\users\labadmin\source\repos\complayground\complayground\x64\debug\complaygroundcpp.obj
c:\users\labadmin\source\repos\complayground\complayground\x64\debug\complayground_p.obj
c:\users\labadmin\source\repos\complayground\complayground\x64\debug\complayground_i.obj
c:\users\labadmin\source\repos\complayground\complayground\x64\debug\complayground.tlb
c:\users\labadmin\source\repos\complayground\complayground\complayground_p.c
c:\users\labadmin\source\repos\complayground\complayground\complayground_i.c
c:\users\labadmin\source\repos\complayground\complayground\complayground_h.h
c:\users\labadmin\source\repos\complayground\complayground\x64\debug\complayground.tlog\cl.command.1.tlog
c:\users\labadmin\source\repos\complayground\complayground\x64\debug\complayground.tlog\cl.read.1.tlog
c:\users\labadmin\source\repos\complayground\complayground\x64\debug\complayground.tlog\cl.write.1.tlog
c:\users\labadmin\source\repos\complayground\complayground\x64\debug\complayground.tlog\link-cvtres.read.1.tlog
c:\users\labadmin\source\repos\complayground\complayground\x64\debug\complayground.tlog\link-cvtres.write.1.tlog
c:\users\labadmin\source\repos\complayground\complayground\x64\debug\complayground.tlog\link-rc.read.1.tlog
c:\users\labadmin\source\repos\complayground\complayground\x64\debug\complayground.tlog\link-rc.write.1.tlog
c:\users\labadmin\source\repos\complayground\complayground\x64\debug\complayground.tlog\link.command.1.tlog
c:\users\labadmin\source\repos\complayground\complayground\x64\debug\complayground.tlog\link.read.1.tlog
c:\users\labadmin\source\repos\complayground\complayground\x64\debug\complayground.tlog\link.write.1.tlog
c:\users\labadmin\source\repos\complayground\complayground\x64\debug\complayground.tlog\midl.command.1.tlog
c:\users\labadmin\source\repos\complayground\complayground\x64\debug\complayground.tlog\midl.read.1.tlog
c:\users\labadmin\source\repos\complayground\complayground\x64\debug\complayground.tlog\midl.write.1.tlog
