  COMPlayground.idl
  oaidl.idl
  objidl.idl
  unknwn.idl
  64 bit Processing ..\..\COMPlayground.idl
  64 bit Processing C:\Program Files (x86)\Windows Kits\10\Include\10.0.22000.0\um\oaidl.idl
  64 bit Processing C:\Program Files (x86)\Windows Kits\10\Include\10.0.22000.0\um\objidl.idl
  64 bit Processing C:\Program Files (x86)\Windows Kits\10\Include\10.0.22000.0\um\unknwn.idl
  64 bit Processing C:\Program Files (x86)\Windows Kits\10\Include\10.0.22000.0\shared\wtypes.idl
  wtypes.idl
  64 bit Processing C:\Program Files (x86)\Windows Kits\10\Include\10.0.22000.0\shared\wtypesbase.idl
  wtypesbase.idl
  64 bit Processing C:\Program Files (x86)\Windows Kits\10\Include\10.0.22000.0\shared\basetsd.h
  basetsd.h
  64 bit Processing C:\Program Files (x86)\Windows Kits\10\Include\10.0.22000.0\shared\guiddef.h
  guiddef.h
  64 bit Processing C:\Program Files (x86)\Windows Kits\10\Include\10.0.22000.0\um\oaidl.acf
  oaidl.acf
  comPlaygroundcpp.cpp
  dllmain.cpp
  Generating Code...
  COMPlayground_i.c
  COMPlayground_p.c
  Generating Code...
LINK : warning LNK4075: ignoring '/MANIFESTFILE' due to '/MANIFEST:EMBED' specification
Source.def : warning LNK4222: exported symbol 'DllCanUnloadNow' should not be assigned an ordinal
Source.def : warning LNK4222: exported symbol 'DllRegisterServer' should not be assigned an ordinal
Source.def : warning LNK4222: exported symbol 'DllUnregisterServer' should not be assigned an ordinal
Source.def : warning LNK4222: exported symbol 'DllGetClassObject' should not be assigned an ordinal
     Creating library C:\Users\Labadmin\source\repos\COMPlayground\x64\Debug\COMPlayground.lib and object C:\Users\Labadmin\source\repos\COMPlayground\x64\Debug\COMPlayground.exp
COMPlayground_p.obj : error LNK2001: unresolved external symbol IUnknown_QueryInterface_Proxy
COMPlayground_p.obj : error LNK2001: unresolved external symbol IUnknown_AddRef_Proxy
COMPlayground_p.obj : error LNK2001: unresolved external symbol IUnknown_Release_Proxy
COMPlayground_p.obj : error LNK2001: unresolved external symbol NdrStubForwardingFunction
COMPlayground_p.obj : error LNK2001: unresolved external symbol CStdStubBuffer_QueryInterface
COMPlayground_p.obj : error LNK2001: unresolved external symbol CStdStubBuffer_AddRef
COMPlayground_p.obj : error LNK2001: unresolved external symbol CStdStubBuffer_Release
COMPlayground_p.obj : error LNK2001: unresolved external symbol CStdStubBuffer_Connect
COMPlayground_p.obj : error LNK2001: unresolved external symbol CStdStubBuffer_Disconnect
COMPlayground_p.obj : error LNK2001: unresolved external symbol CStdStubBuffer_Invoke
COMPlayground_p.obj : error LNK2001: unresolved external symbol CStdStubBuffer_IsIIDSupported
COMPlayground_p.obj : error LNK2001: unresolved external symbol CStdStubBuffer_CountRefs
COMPlayground_p.obj : error LNK2001: unresolved external symbol CStdStubBuffer_DebugServerQueryInterface
COMPlayground_p.obj : error LNK2001: unresolved external symbol CStdStubBuffer_DebugServerRelease
COMPlayground_p.obj : error LNK2001: unresolved external symbol CStdStubBuffer2_Release
COMPlayground_p.obj : error LNK2001: unresolved external symbol NdrStubCall3
COMPlayground_p.obj : error LNK2001: unresolved external symbol NdrOleAllocate
COMPlayground_p.obj : error LNK2001: unresolved external symbol NdrOleFree
C:\Users\Labadmin\source\repos\COMPlayground\x64\Debug\COMPlayground.dll : fatal error LNK1120: 18 unresolved externals
